\BOOKMARK [1][-]{section.1}{\376\377\000B\036\321\000i\000\040\000c\036\243\000n\000h}{}% 1
\BOOKMARK [2][-]{subsection.1.1}{\376\377\000T\036\325\000n\000g\000\040\000q\000u\000a\000n\000\040\000v\036\301\000\040\000O\000C\000R\000\040\000v\000\340\000\040\000T\000h\000\341\000c\000h\000\040\000t\000h\036\351\000c\000\040\000v\036\333\000i\000\040\000T\000i\036\277\000n\000g\000\040\000V\000i\036\307\000t}{section.1}% 2
\BOOKMARK [2][-]{subsection.1.2}{\376\377\000T\036\325\000n\000g\000\040\000q\000u\000a\000n\000\040\000v\036\301\000\040\000m\000\364\000\040\000h\000\354\000n\000h\000\040\000D\000e\000e\000p\000S\000e\000e\000k\000-\000O\000C\000R}{section.1}% 3
\BOOKMARK [3][-]{subsubsection.1.2.1}{\376\377\000K\000i\036\277\000n\000\040\000t\000r\000\372\000c}{subsection.1.2}% 4
\BOOKMARK [3][-]{subsubsection.1.2.2}{\376\377\001\020\036\247\000u\000\040\000v\000\340\000o}{subsection.1.2}% 5
\BOOKMARK [3][-]{subsubsection.1.2.3}{\376\377\001\020\036\247\000u\000\040\000r\000a}{subsection.1.2}% 6
\BOOKMARK [1][-]{section.2}{\376\377\000P\000h\001\260\001\241\000n\000g\000\040\000p\000h\000\341\000p}{}% 7
\BOOKMARK [2][-]{subsection.2.1}{\376\377\000B\036\331\000\040\000d\036\357\000\040\000l\000i\036\307\000u\000:\000\040\000U\000I\000T\000-\000H\000W\000D\000B\000-\000w\000o\000r\000d}{section.2}% 8
\BOOKMARK [3][-]{subsubsection.2.1.1}{\376\377\000T\036\325\000n\000g\000\040\000q\000u\000a\000n\000\040\000b\036\331\000\040\000d\036\357\000\040\000l\000i\036\307\000u}{subsection.2.1}% 9
\BOOKMARK [3][-]{subsubsection.2.1.2}{\376\377\000C\036\245\000u\000\040\000t\000r\000\372\000c\000\040\000d\036\357\000\040\000l\000i\036\307\000u}{subsection.2.1}% 10
\BOOKMARK [2][-]{subsection.2.2}{\376\377\000P\000h\000\342\000n\000\040\000t\000\355\000c\000h\000\040\000d\036\357\000\040\000l\000i\036\307\000u\000\040\000\050\000E\000x\000p\000l\000o\000r\000a\000t\000o\000r\000y\000\040\000D\000a\000t\000a\000\040\000A\000n\000a\000l\000y\000s\000i\000s\000\051}{section.2}% 11
\BOOKMARK [3][-]{subsubsection.2.2.1}{\376\377\001\020\036\267\000c\000\040\001\021\000i\036\303\000m\000\040\000h\000\354\000n\000h\000\040\036\243\000n\000h}{subsection.2.2}% 12
\BOOKMARK [3][-]{subsubsection.2.2.2}{\376\377\000P\000h\000\342\000n\000\040\000b\036\321\000\040\000n\000h\000\343\000n}{subsection.2.2}% 13
\BOOKMARK [2][-]{subsection.2.3}{\376\377\000T\000i\036\301\000n\000\040\000x\036\355\000\040\000l\000\375\000\040\000d\036\357\000\040\000l\000i\036\307\000u\000\040\000\050\000D\000a\000t\000a\000\040\000P\000r\000e\000p\000r\000o\000c\000e\000s\000s\000i\000n\000g\000\051}{section.2}% 14
\BOOKMARK [3][-]{subsubsection.2.3.1}{\376\377\000C\000h\000u\036\251\000n\000\040\000b\036\313\000\040\000d\036\357\000\040\000l\000i\036\307\000u}{subsection.2.3}% 15
\BOOKMARK [3][-]{subsubsection.2.3.2}{\376\377\001\020\036\313\000n\000h\000\040\000d\036\241\000n\000g\000\040\000h\036\331\000i\000\040\000t\000h\000o\036\241\000i\000\040\000\050\000C\000o\000n\000v\000e\000r\000s\000a\000t\000i\000o\000n\000\040\000F\000o\000r\000m\000a\000t\000\051}{subsection.2.3}% 16
\BOOKMARK [3][-]{subsubsection.2.3.3}{\376\377\000X\036\355\000\040\000l\000\375\000\040\036\243\000n\000h\000\040\000\050\000I\000m\000a\000g\000e\000\040\000P\000r\000o\000c\000e\000s\000s\000i\000n\000g\000\051}{subsection.2.3}% 17
\BOOKMARK [2][-]{subsection.2.4}{\376\377\000K\000i\036\277\000n\000\040\000t\000r\000\372\000c\000\040\000m\000\364\000\040\000h\000\354\000n\000h\000\040\000v\000\340\000\040\000F\000i\000n\000e\000-\000t\000u\000n\000i\000n\000g}{section.2}% 18
\BOOKMARK [3][-]{subsubsection.2.4.1}{\376\377\000M\000\364\000\040\000h\000\354\000n\000h\000\040\000c\001\241\000\040\000s\036\337}{subsection.2.4}% 19
\BOOKMARK [3][-]{subsubsection.2.4.2}{\376\377\000C\000h\000i\036\277\000n\000\040\000l\001\260\036\343\000c\000\040\000F\000i\000n\000e\000-\000t\000u\000n\000i\000n\000g\000:\000\040\000L\000o\000R\000A}{subsection.2.4}% 20
\BOOKMARK [3][-]{subsubsection.2.4.3}{\376\377\000T\000h\000a\000m\000\040\000s\036\321\000\040\000h\000u\036\245\000n\000\040\000l\000u\000y\036\307\000n\000\040\000\050\000H\000y\000p\000e\000r\000p\000a\000r\000a\000m\000e\000t\000e\000r\000s\000\051}{subsection.2.4}% 21
\BOOKMARK [2][-]{subsection.2.5}{\376\377\001\020\036\331\000\040\001\021\000o\000\040\001\021\000\341\000n\000h\000\040\000g\000i\000\341\000\040\000\050\000E\000v\000a\000l\000u\000a\000t\000i\000o\000n\000\040\000M\000e\000t\000r\000i\000c\000s\000\051}{section.2}% 22
\BOOKMARK [1][-]{section*.4}{\376\377\000T\000\340\000i\000\040\000l\000i\036\307\000u}{}% 23
